<?xml version="1.0" encoding="UTF-8"?>
<!-- Generated by org.testng.reporters.JUnitXMLReporter -->
<testsuite ignored="0" hostname="Suresh" failures="0" tests="3" name="Submit Order Test" time="0.096" errors="0" timestamp="2024-07-17T16:22:00 IST">
  <testcase classname="SK_selenium.TestComponents.WebBaseTest" name="@BeforeMethod launchApplication" time="0.006">
    <failure type="java.lang.NullPointerException" message="Cannot invoke &amp;quot;org.openqa.selenium.WebDriver.manage()&amp;quot; because &amp;quot;this.driver&amp;quot; is null">
      <![CDATA[java.lang.NullPointerException: Cannot invoke "org.openqa.selenium.WebDriver.manage()" because "this.driver" is null
at SK_selenium.TestComponents.WebBaseTest.initializeDriver(WebBaseTest.java:51)
at SK_selenium.TestComponents.WebBaseTest.launchApplication(WebBaseTest.java:84)
at java.base/java.util.ArrayList.forEach(ArrayList.java:1511)
... Removed 31 stack frames]]>
    </failure>
  </testcase> <!-- @BeforeMethod launchApplication -->
  <testcase classname="SK_selenium.TestComponents.WebBaseTest" name="@AfterMethod tearDown" time="0.001">
    <failure type="java.lang.NullPointerException" message="Cannot invoke &amp;quot;org.openqa.selenium.WebDriver.close()&amp;quot; because &amp;quot;this.driver&amp;quot; is null">
      <![CDATA[java.lang.NullPointerException: Cannot invoke "org.openqa.selenium.WebDriver.close()" because "this.driver" is null
at SK_selenium.TestComponents.WebBaseTest.tearDown(WebBaseTest.java:93)
at java.base/java.util.ArrayList.forEach(ArrayList.java:1511)
... Removed 32 stack frames]]>
    </failure>
  </testcase> <!-- @AfterMethod tearDown -->
  <testcase classname="SK_selenium.TestComponents.WebBaseTest" name="@BeforeMethod launchApplication" time="0.001">
    <failure type="java.lang.NullPointerException" message="Cannot invoke &amp;quot;org.openqa.selenium.WebDriver.manage()&amp;quot; because &amp;quot;this.driver&amp;quot; is null">
      <![CDATA[java.lang.NullPointerException: Cannot invoke "org.openqa.selenium.WebDriver.manage()" because "this.driver" is null
at SK_selenium.TestComponents.WebBaseTest.initializeDriver(WebBaseTest.java:51)
at SK_selenium.TestComponents.WebBaseTest.launchApplication(WebBaseTest.java:84)
at java.base/java.util.ArrayList.forEach(ArrayList.java:1511)
... Removed 31 stack frames]]>
    </failure>
  </testcase> <!-- @BeforeMethod launchApplication -->
  <testcase classname="SK_selenium.TestComponents.WebBaseTest" name="@AfterMethod tearDown" time="0.0">
    <failure type="java.lang.NullPointerException" message="Cannot invoke &amp;quot;org.openqa.selenium.WebDriver.close()&amp;quot; because &amp;quot;this.driver&amp;quot; is null">
      <![CDATA[java.lang.NullPointerException: Cannot invoke "org.openqa.selenium.WebDriver.close()" because "this.driver" is null
at SK_selenium.TestComponents.WebBaseTest.tearDown(WebBaseTest.java:93)
at java.base/java.util.ArrayList.forEach(ArrayList.java:1511)
... Removed 32 stack frames]]>
    </failure>
  </testcase> <!-- @AfterMethod tearDown -->
  <testcase classname="SK_selenium.tests.submitOrder" name="E_CommerceTest" time="0.0">
    <skipped/>
  </testcase> <!-- E_CommerceTest -->
  <testcase classname="SK_selenium.tests.submitOrder" name="E_CommerceTest" time="0.0">
    <skipped/>
  </testcase> <!-- E_CommerceTest -->
  <testcase classname="SK_selenium.tests.submitOrder" name="OrderHistortTest" time="0.001">
    <skipped/>
  </testcase> <!-- OrderHistortTest -->
</testsuite> <!-- Submit Order Test -->
